have_func: checking for mysql_ssl_set()... -------------------- yes

"xcrun clang -o conftest -I/Applications/Xcode.app/Contents/Developer/Platforms/MacOSX.platform/Developer/SDKs/MacOSX10.9.sdk/System/Library/Frameworks/Ruby.framework/Versions/2.0/usr/include/ruby-2.0.0/universal-darwin13 -I/Applications/Xcode.app/Contents/Developer/Platforms/MacOSX.platform/Developer/SDKs/MacOSX10.9.sdk/System/Library/Frameworks/Ruby.framework/Versions/2.0/usr/include/ruby-2.0.0/ruby/backward -I/Applications/Xcode.app/Contents/Developer/Platforms/MacOSX.platform/Developer/SDKs/MacOSX10.9.sdk/System/Library/Frameworks/Ruby.framework/Versions/2.0/usr/include/ruby-2.0.0 -I. -D_XOPEN_SOURCE -D_DARWIN_C_SOURCE -D_DARWIN_UNLIMITED_SELECT -D_REENTRANT   -I/usr/local/Cellar/mariadb/5.5.34/include/mysql -I/usr/local/Cellar/mariadb/5.5.34/include/mysql/..  -g -DNDEBUG  -g -Os -pipe conftest.c  -L. -L/System/Library/Frameworks/Ruby.framework/Versions/2.0/usr/lib -L. -L/usr/local/lib  -Wno-error=unused-command-line-argument-hard-error-in-future  -L/usr/local/Cellar/mariadb/5.5.34/lib -lmysqlclient  -lz -lssl -lcrypto  -lruby.2.0.0  -lpthread -ldl -lobjc "
checked program was:
/* begin */
1: #include "ruby.h"
2: 
3: int main(int argc, char **argv)
4: {
5:   return 0;
6: }
/* end */

"xcrun clang -o conftest -I/Applications/Xcode.app/Contents/Developer/Platforms/MacOSX.platform/Developer/SDKs/MacOSX10.9.sdk/System/Library/Frameworks/Ruby.framework/Versions/2.0/usr/include/ruby-2.0.0/universal-darwin13 -I/Applications/Xcode.app/Contents/Developer/Platforms/MacOSX.platform/Developer/SDKs/MacOSX10.9.sdk/System/Library/Frameworks/Ruby.framework/Versions/2.0/usr/include/ruby-2.0.0/ruby/backward -I/Applications/Xcode.app/Contents/Developer/Platforms/MacOSX.platform/Developer/SDKs/MacOSX10.9.sdk/System/Library/Frameworks/Ruby.framework/Versions/2.0/usr/include/ruby-2.0.0 -I. -D_XOPEN_SOURCE -D_DARWIN_C_SOURCE -D_DARWIN_UNLIMITED_SELECT -D_REENTRANT   -I/usr/local/Cellar/mariadb/5.5.34/include/mysql -I/usr/local/Cellar/mariadb/5.5.34/include/mysql/..  -g -DNDEBUG  -g -Os -pipe conftest.c  -L. -L/System/Library/Frameworks/Ruby.framework/Versions/2.0/usr/lib -L. -L/usr/local/lib  -Wno-error=unused-command-line-argument-hard-error-in-future  -L/usr/local/Cellar/mariadb/5.5.34/lib -lmysqlclient  -lz -lssl -lcrypto  -lruby.2.0.0 -L/usr/local/Cellar/mariadb/5.5.34/lib -lmysqlclient  -lz -lssl -lcrypto  -lpthread -ldl -lobjc "
conftest.c:5:57: error: use of undeclared identifier 'mysql_ssl_set'
int t(void) { void ((*volatile p)()); p = (void ((*)()))mysql_ssl_set; return 0; }
                                                        ^
1 error generated.
checked program was:
/* begin */
 1: #include "ruby.h"
 2: 
 3: /*top*/
 4: extern int t(void);
 5: int t(void) { void ((*volatile p)()); p = (void ((*)()))mysql_ssl_set; return 0; }
 6: int main(int argc, char **argv)
 7: {
 8:   if (argc > 1000000) {
 9:     printf("%p", &t);
10:   }
11: 
12:   return 0;
13: }
/* end */

"xcrun clang -o conftest -I/Applications/Xcode.app/Contents/Developer/Platforms/MacOSX.platform/Developer/SDKs/MacOSX10.9.sdk/System/Library/Frameworks/Ruby.framework/Versions/2.0/usr/include/ruby-2.0.0/universal-darwin13 -I/Applications/Xcode.app/Contents/Developer/Platforms/MacOSX.platform/Developer/SDKs/MacOSX10.9.sdk/System/Library/Frameworks/Ruby.framework/Versions/2.0/usr/include/ruby-2.0.0/ruby/backward -I/Applications/Xcode.app/Contents/Developer/Platforms/MacOSX.platform/Developer/SDKs/MacOSX10.9.sdk/System/Library/Frameworks/Ruby.framework/Versions/2.0/usr/include/ruby-2.0.0 -I. -D_XOPEN_SOURCE -D_DARWIN_C_SOURCE -D_DARWIN_UNLIMITED_SELECT -D_REENTRANT   -I/usr/local/Cellar/mariadb/5.5.34/include/mysql -I/usr/local/Cellar/mariadb/5.5.34/include/mysql/..  -g -DNDEBUG  -g -Os -pipe conftest.c  -L. -L/System/Library/Frameworks/Ruby.framework/Versions/2.0/usr/lib -L. -L/usr/local/lib  -Wno-error=unused-command-line-argument-hard-error-in-future  -L/usr/local/Cellar/mariadb/5.5.34/lib -lmysqlclient  -lz -lssl -lcrypto  -lruby.2.0.0 -L/usr/local/Cellar/mariadb/5.5.34/lib -lmysqlclient  -lz -lssl -lcrypto  -lpthread -ldl -lobjc "
conftest.c:5:15: warning: implicit declaration of function 'mysql_ssl_set' is invalid in C99 [-Wimplicit-function-declaration]
int t(void) { mysql_ssl_set(); return 0; }
              ^
1 warning generated.
checked program was:
/* begin */
 1: #include "ruby.h"
 2: 
 3: /*top*/
 4: extern int t(void);
 5: int t(void) { mysql_ssl_set(); return 0; }
 6: int main(int argc, char **argv)
 7: {
 8:   if (argc > 1000000) {
 9:     printf("%p", &t);
10:   }
11: 
12:   return 0;
13: }
/* end */

--------------------

have_func: checking for rb_str_set_len()... -------------------- yes

"xcrun clang -o conftest -I/Applications/Xcode.app/Contents/Developer/Platforms/MacOSX.platform/Developer/SDKs/MacOSX10.9.sdk/System/Library/Frameworks/Ruby.framework/Versions/2.0/usr/include/ruby-2.0.0/universal-darwin13 -I/Applications/Xcode.app/Contents/Developer/Platforms/MacOSX.platform/Developer/SDKs/MacOSX10.9.sdk/System/Library/Frameworks/Ruby.framework/Versions/2.0/usr/include/ruby-2.0.0/ruby/backward -I/Applications/Xcode.app/Contents/Developer/Platforms/MacOSX.platform/Developer/SDKs/MacOSX10.9.sdk/System/Library/Frameworks/Ruby.framework/Versions/2.0/usr/include/ruby-2.0.0 -I. -D_XOPEN_SOURCE -D_DARWIN_C_SOURCE -D_DARWIN_UNLIMITED_SELECT -D_REENTRANT   -I/usr/local/Cellar/mariadb/5.5.34/include/mysql -I/usr/local/Cellar/mariadb/5.5.34/include/mysql/..  -g -DNDEBUG  -g -Os -pipe conftest.c  -L. -L/System/Library/Frameworks/Ruby.framework/Versions/2.0/usr/lib -L. -L/usr/local/lib  -Wno-error=unused-command-line-argument-hard-error-in-future  -L/usr/local/Cellar/mariadb/5.5.34/lib -lmysqlclient  -lz -lssl -lcrypto  -lruby.2.0.0 -L/usr/local/Cellar/mariadb/5.5.34/lib -lmysqlclient  -lz -lssl -lcrypto  -lpthread -ldl -lobjc "
checked program was:
/* begin */
 1: #include "ruby.h"
 2: 
 3: /*top*/
 4: extern int t(void);
 5: int t(void) { void ((*volatile p)()); p = (void ((*)()))rb_str_set_len; return 0; }
 6: int main(int argc, char **argv)
 7: {
 8:   if (argc > 1000000) {
 9:     printf("%p", &t);
10:   }
11: 
12:   return 0;
13: }
/* end */

--------------------

have_func: checking for rb_thread_start_timer()... -------------------- no

"xcrun clang -o conftest -I/Applications/Xcode.app/Contents/Developer/Platforms/MacOSX.platform/Developer/SDKs/MacOSX10.9.sdk/System/Library/Frameworks/Ruby.framework/Versions/2.0/usr/include/ruby-2.0.0/universal-darwin13 -I/Applications/Xcode.app/Contents/Developer/Platforms/MacOSX.platform/Developer/SDKs/MacOSX10.9.sdk/System/Library/Frameworks/Ruby.framework/Versions/2.0/usr/include/ruby-2.0.0/ruby/backward -I/Applications/Xcode.app/Contents/Developer/Platforms/MacOSX.platform/Developer/SDKs/MacOSX10.9.sdk/System/Library/Frameworks/Ruby.framework/Versions/2.0/usr/include/ruby-2.0.0 -I. -D_XOPEN_SOURCE -D_DARWIN_C_SOURCE -D_DARWIN_UNLIMITED_SELECT -D_REENTRANT   -I/usr/local/Cellar/mariadb/5.5.34/include/mysql -I/usr/local/Cellar/mariadb/5.5.34/include/mysql/..  -g -DNDEBUG  -g -Os -pipe conftest.c  -L. -L/System/Library/Frameworks/Ruby.framework/Versions/2.0/usr/lib -L. -L/usr/local/lib  -Wno-error=unused-command-line-argument-hard-error-in-future  -L/usr/local/Cellar/mariadb/5.5.34/lib -lmysqlclient  -lz -lssl -lcrypto  -lruby.2.0.0 -L/usr/local/Cellar/mariadb/5.5.34/lib -lmysqlclient  -lz -lssl -lcrypto  -lpthread -ldl -lobjc "
conftest.c:5:57: error: use of undeclared identifier 'rb_thread_start_timer'
int t(void) { void ((*volatile p)()); p = (void ((*)()))rb_thread_start_timer; return 0; }
                                                        ^
1 error generated.
checked program was:
/* begin */
 1: #include "ruby.h"
 2: 
 3: /*top*/
 4: extern int t(void);
 5: int t(void) { void ((*volatile p)()); p = (void ((*)()))rb_thread_start_timer; return 0; }
 6: int main(int argc, char **argv)
 7: {
 8:   if (argc > 1000000) {
 9:     printf("%p", &t);
10:   }
11: 
12:   return 0;
13: }
/* end */

"xcrun clang -o conftest -I/Applications/Xcode.app/Contents/Developer/Platforms/MacOSX.platform/Developer/SDKs/MacOSX10.9.sdk/System/Library/Frameworks/Ruby.framework/Versions/2.0/usr/include/ruby-2.0.0/universal-darwin13 -I/Applications/Xcode.app/Contents/Developer/Platforms/MacOSX.platform/Developer/SDKs/MacOSX10.9.sdk/System/Library/Frameworks/Ruby.framework/Versions/2.0/usr/include/ruby-2.0.0/ruby/backward -I/Applications/Xcode.app/Contents/Developer/Platforms/MacOSX.platform/Developer/SDKs/MacOSX10.9.sdk/System/Library/Frameworks/Ruby.framework/Versions/2.0/usr/include/ruby-2.0.0 -I. -D_XOPEN_SOURCE -D_DARWIN_C_SOURCE -D_DARWIN_UNLIMITED_SELECT -D_REENTRANT   -I/usr/local/Cellar/mariadb/5.5.34/include/mysql -I/usr/local/Cellar/mariadb/5.5.34/include/mysql/..  -g -DNDEBUG  -g -Os -pipe conftest.c  -L. -L/System/Library/Frameworks/Ruby.framework/Versions/2.0/usr/lib -L. -L/usr/local/lib  -Wno-error=unused-command-line-argument-hard-error-in-future  -L/usr/local/Cellar/mariadb/5.5.34/lib -lmysqlclient  -lz -lssl -lcrypto  -lruby.2.0.0 -L/usr/local/Cellar/mariadb/5.5.34/lib -lmysqlclient  -lz -lssl -lcrypto  -lpthread -ldl -lobjc "
conftest.c:5:15: warning: implicit declaration of function 'rb_thread_start_timer' is invalid in C99 [-Wimplicit-function-declaration]
int t(void) { rb_thread_start_timer(); return 0; }
              ^
1 warning generated.
Undefined symbols for architecture x86_64:
  "_rb_thread_start_timer", referenced from:
      _t in conftest-1a9819.o
ld: symbol(s) not found for architecture x86_64
clang: error: linker command failed with exit code 1 (use -v to see invocation)
checked program was:
/* begin */
 1: #include "ruby.h"
 2: 
 3: /*top*/
 4: extern int t(void);
 5: int t(void) { rb_thread_start_timer(); return 0; }
 6: int main(int argc, char **argv)
 7: {
 8:   if (argc > 1000000) {
 9:     printf("%p", &t);
10:   }
11: 
12:   return 0;
13: }
/* end */

--------------------

have_header: checking for mysql.h... -------------------- yes

"xcrun clang -I/Applications/Xcode.app/Contents/Developer/Platforms/MacOSX.platform/Developer/SDKs/MacOSX10.9.sdk/System/Library/Frameworks/Ruby.framework/Versions/2.0/usr/include/ruby-2.0.0/universal-darwin13 -I/Applications/Xcode.app/Contents/Developer/Platforms/MacOSX.platform/Developer/SDKs/MacOSX10.9.sdk/System/Library/Frameworks/Ruby.framework/Versions/2.0/usr/include/ruby-2.0.0/ruby/backward -I/Applications/Xcode.app/Contents/Developer/Platforms/MacOSX.platform/Developer/SDKs/MacOSX10.9.sdk/System/Library/Frameworks/Ruby.framework/Versions/2.0/usr/include/ruby-2.0.0 -I. -D_XOPEN_SOURCE -D_DARWIN_C_SOURCE -D_DARWIN_UNLIMITED_SELECT -D_REENTRANT   -I/usr/local/Cellar/mariadb/5.5.34/include/mysql -I/usr/local/Cellar/mariadb/5.5.34/include/mysql/..  -g -DNDEBUG  -g -Os -pipe -Wno-error=unused-command-line-argument-hard-error-in-future  -c conftest.c"
checked program was:
/* begin */
1: #include "ruby.h"
2: 
3: #include <mysql.h>
/* end */

--------------------

